{"C:\\Users\\luiss\\OneDrive\\Documents\\foundation-project\\src\\db\\dynamoClient.js": {"path":"C:\\Users\\luiss\\OneDrive\\Documents\\foundation-project\\src\\db\\dynamoClient.js","statementMap":{"0":{"start":{"line":8,"column":27},"end":{"line":8,"column":62}},"1":{"start":{"line":9,"column":35},"end":{"line":9,"column":67}},"2":{"start":{"line":11,"column":15},"end":{"line":11,"column":58}},"3":{"start":{"line":13,"column":23},"end":{"line":13,"column":58}},"4":{"start":{"line":15,"column":0},"end":{"line":15,"column":35}}},"fnMap":{},"branchMap":{},"s":{"0":2,"1":2,"2":2,"3":2,"4":2},"f":{},"b":{},"_coverageSchema":"1a1c01bbd47fc00a2c39e90264f33305004495a9","hash":"849ae8594c7bd869d9eaf01d61ebfa7a22071bb9"}
,"C:\\Users\\luiss\\OneDrive\\Documents\\foundation-project\\src\\repositories\\employeeDAO.js": {"path":"C:\\Users\\luiss\\OneDrive\\Documents\\foundation-project\\src\\repositories\\employeeDAO.js","statementMap":{"0":{"start":{"line":1,"column":27},"end":{"line":1,"column":56}},"1":{"start":{"line":2,"column":37},"end":{"line":2,"column":69}},"2":{"start":{"line":3,"column":19},"end":{"line":3,"column":45}},"3":{"start":{"line":6,"column":0},"end":{"line":6,"column":46}},"4":{"start":{"line":8,"column":19},"end":{"line":8,"column":50}},"5":{"start":{"line":15,"column":4},"end":{"line":34,"column":5}},"6":{"start":{"line":17,"column":23},"end":{"line":27,"column":9}},"7":{"start":{"line":30,"column":8},"end":{"line":30,"column":67}},"8":{"start":{"line":32,"column":8},"end":{"line":32,"column":82}},"9":{"start":{"line":33,"column":8},"end":{"line":33,"column":129}},"10":{"start":{"line":42,"column":4},"end":{"line":59,"column":5}},"11":{"start":{"line":44,"column":23},"end":{"line":52,"column":9}},"12":{"start":{"line":55,"column":8},"end":{"line":55,"column":65}},"13":{"start":{"line":57,"column":8},"end":{"line":57,"column":97}},"14":{"start":{"line":58,"column":8},"end":{"line":58,"column":139}},"15":{"start":{"line":62,"column":0},"end":{"line":62,"column":59}}},"fnMap":{"0":{"name":"getEmployeeByUsername","decl":{"start":{"line":10,"column":15},"end":{"line":10,"column":36}},"loc":{"start":{"line":10,"column":47},"end":{"line":35,"column":1}},"line":10},"1":{"name":"createEmployee","decl":{"start":{"line":37,"column":15},"end":{"line":37,"column":29}},"loc":{"start":{"line":37,"column":46},"end":{"line":60,"column":1}},"line":37}},"branchMap":{},"s":{"0":1,"1":1,"2":1,"3":1,"4":1,"5":0,"6":0,"7":0,"8":0,"9":0,"10":0,"11":0,"12":0,"13":0,"14":0,"15":1},"f":{"0":0,"1":0},"b":{},"_coverageSchema":"1a1c01bbd47fc00a2c39e90264f33305004495a9","hash":"3425624fa1b24f542b7c86f282fea7dde17876e1"}
,"C:\\Users\\luiss\\OneDrive\\Documents\\foundation-project\\src\\repositories\\ticketDAO.js": {"path":"C:\\Users\\luiss\\OneDrive\\Documents\\foundation-project\\src\\repositories\\ticketDAO.js","statementMap":{"0":{"start":{"line":1,"column":27},"end":{"line":1,"column":56}},"1":{"start":{"line":2,"column":52},"end":{"line":2,"column":84}},"2":{"start":{"line":3,"column":19},"end":{"line":3,"column":45}},"3":{"start":{"line":4,"column":24},"end":{"line":4,"column":59}},"4":{"start":{"line":5,"column":24},"end":{"line":5,"column":42}},"5":{"start":{"line":12,"column":4},"end":{"line":31,"column":5}},"6":{"start":{"line":14,"column":23},"end":{"line":23,"column":9}},"7":{"start":{"line":26,"column":8},"end":{"line":26,"column":65}},"8":{"start":{"line":29,"column":8},"end":{"line":29,"column":68}},"9":{"start":{"line":30,"column":8},"end":{"line":30,"column":64}},"10":{"start":{"line":38,"column":4},"end":{"line":53,"column":5}},"11":{"start":{"line":41,"column":23},"end":{"line":46,"column":9}},"12":{"start":{"line":49,"column":8},"end":{"line":49,"column":67}},"13":{"start":{"line":51,"column":8},"end":{"line":51,"column":92}},"14":{"start":{"line":52,"column":8},"end":{"line":52,"column":87}},"15":{"start":{"line":61,"column":4},"end":{"line":82,"column":5}},"16":{"start":{"line":64,"column":23},"end":{"line":74,"column":9}},"17":{"start":{"line":77,"column":8},"end":{"line":77,"column":67}},"18":{"start":{"line":80,"column":8},"end":{"line":80,"column":91}},"19":{"start":{"line":81,"column":8},"end":{"line":81,"column":87}},"20":{"start":{"line":90,"column":4},"end":{"line":105,"column":5}},"21":{"start":{"line":92,"column":23},"end":{"line":98,"column":9}},"22":{"start":{"line":101,"column":8},"end":{"line":101,"column":67}},"23":{"start":{"line":103,"column":8},"end":{"line":103,"column":99}},"24":{"start":{"line":104,"column":8},"end":{"line":104,"column":95}},"25":{"start":{"line":112,"column":4},"end":{"line":134,"column":5}},"26":{"start":{"line":115,"column":23},"end":{"line":127,"column":9}},"27":{"start":{"line":129,"column":8},"end":{"line":129,"column":68}},"28":{"start":{"line":132,"column":8},"end":{"line":132,"column":95}},"29":{"start":{"line":133,"column":8},"end":{"line":133,"column":91}},"30":{"start":{"line":137,"column":0},"end":{"line":143,"column":1}}},"fnMap":{"0":{"name":"submitTicket","decl":{"start":{"line":7,"column":15},"end":{"line":7,"column":27}},"loc":{"start":{"line":7,"column":34},"end":{"line":32,"column":1}},"line":7},"1":{"name":"getTicketById","decl":{"start":{"line":34,"column":15},"end":{"line":34,"column":28}},"loc":{"start":{"line":34,"column":39},"end":{"line":54,"column":1}},"line":34},"2":{"name":"getTicketsByStatus","decl":{"start":{"line":56,"column":15},"end":{"line":56,"column":33}},"loc":{"start":{"line":56,"column":42},"end":{"line":83,"column":1}},"line":56},"3":{"name":"getTicketsByEmployeeId","decl":{"start":{"line":85,"column":15},"end":{"line":85,"column":37}},"loc":{"start":{"line":85,"column":50},"end":{"line":106,"column":1}},"line":85},"4":{"name":"updateTicketStatus","decl":{"start":{"line":108,"column":15},"end":{"line":108,"column":33}},"loc":{"start":{"line":108,"column":52},"end":{"line":135,"column":1}},"line":108}},"branchMap":{},"s":{"0":1,"1":1,"2":1,"3":1,"4":1,"5":0,"6":0,"7":0,"8":0,"9":0,"10":0,"11":0,"12":0,"13":0,"14":0,"15":0,"16":0,"17":0,"18":0,"19":0,"20":0,"21":0,"22":0,"23":0,"24":0,"25":0,"26":0,"27":0,"28":0,"29":0,"30":1},"f":{"0":0,"1":0,"2":0,"3":0,"4":0},"b":{},"_coverageSchema":"1a1c01bbd47fc00a2c39e90264f33305004495a9","hash":"a2b9b54dce636026b1e469fabe5ae40671f46121"}
,"C:\\Users\\luiss\\OneDrive\\Documents\\foundation-project\\src\\services\\authenticationService.js": {"path":"C:\\Users\\luiss\\OneDrive\\Documents\\foundation-project\\src\\services\\authenticationService.js","statementMap":{"0":{"start":{"line":1,"column":20},"end":{"line":1,"column":58}},"1":{"start":{"line":2,"column":23},"end":{"line":2,"column":38}},"2":{"start":{"line":3,"column":19},"end":{"line":3,"column":45}},"3":{"start":{"line":4,"column":12},"end":{"line":4,"column":35}},"4":{"start":{"line":5,"column":15},"end":{"line":5,"column":32}},"5":{"start":{"line":7,"column":0},"end":{"line":7,"column":46}},"6":{"start":{"line":14,"column":4},"end":{"line":28,"column":5}},"7":{"start":{"line":16,"column":38},"end":{"line":16,"column":87}},"8":{"start":{"line":19,"column":8},"end":{"line":23,"column":9}},"9":{"start":{"line":20,"column":12},"end":{"line":20,"column":24}},"10":{"start":{"line":22,"column":12},"end":{"line":22,"column":50}},"11":{"start":{"line":26,"column":8},"end":{"line":26,"column":82}},"12":{"start":{"line":27,"column":8},"end":{"line":27,"column":86}},"13":{"start":{"line":37,"column":4},"end":{"line":39,"column":5}},"14":{"start":{"line":38,"column":8},"end":{"line":38,"column":20}},"15":{"start":{"line":42,"column":27},"end":{"line":42,"column":56}},"16":{"start":{"line":44,"column":4},"end":{"line":62,"column":5}},"17":{"start":{"line":46,"column":26},"end":{"line":51,"column":9}},"18":{"start":{"line":54,"column":30},"end":{"line":54,"column":75}},"19":{"start":{"line":57,"column":8},"end":{"line":57,"column":53}},"20":{"start":{"line":60,"column":8},"end":{"line":60,"column":81}},"21":{"start":{"line":61,"column":8},"end":{"line":61,"column":126}},"22":{"start":{"line":66,"column":0},"end":{"line":70,"column":1}},"23":{"start":{"line":77,"column":4},"end":{"line":110,"column":5}},"24":{"start":{"line":79,"column":33},"end":{"line":79,"column":70}},"25":{"start":{"line":82,"column":8},"end":{"line":84,"column":9}},"26":{"start":{"line":83,"column":12},"end":{"line":83,"column":36}},"27":{"start":{"line":87,"column":29},"end":{"line":87,"column":45}},"28":{"start":{"line":90,"column":8},"end":{"line":104,"column":9}},"29":{"start":{"line":91,"column":12},"end":{"line":91,"column":22}},"30":{"start":{"line":94,"column":26},"end":{"line":101,"column":14}},"31":{"start":{"line":103,"column":12},"end":{"line":103,"column":29}},"32":{"start":{"line":108,"column":8},"end":{"line":108,"column":81}},"33":{"start":{"line":109,"column":8},"end":{"line":109,"column":75}}},"fnMap":{"0":{"name":"getEmployeeByUsername","decl":{"start":{"line":9,"column":15},"end":{"line":9,"column":36}},"loc":{"start":{"line":9,"column":47},"end":{"line":29,"column":1}},"line":9},"1":{"name":"createEmployee","decl":{"start":{"line":31,"column":15},"end":{"line":31,"column":29}},"loc":{"start":{"line":31,"column":56},"end":{"line":64,"column":1}},"line":31},"2":{"name":"login","decl":{"start":{"line":72,"column":15},"end":{"line":72,"column":20}},"loc":{"start":{"line":72,"column":46},"end":{"line":111,"column":1}},"line":72}},"branchMap":{"0":{"loc":{"start":{"line":19,"column":8},"end":{"line":23,"column":9}},"type":"if","locations":[{"start":{"line":19,"column":8},"end":{"line":23,"column":9}},{"start":{"line":21,"column":15},"end":{"line":23,"column":9}}],"line":19},"1":{"loc":{"start":{"line":37,"column":4},"end":{"line":39,"column":5}},"type":"if","locations":[{"start":{"line":37,"column":4},"end":{"line":39,"column":5}},{"start":{},"end":{}}],"line":37},"2":{"loc":{"start":{"line":37,"column":8},"end":{"line":37,"column":49}},"type":"binary-expr","locations":[{"start":{"line":37,"column":8},"end":{"line":37,"column":27}},{"start":{"line":37,"column":31},"end":{"line":37,"column":49}}],"line":37},"3":{"loc":{"start":{"line":82,"column":8},"end":{"line":84,"column":9}},"type":"if","locations":[{"start":{"line":82,"column":8},"end":{"line":84,"column":9}},{"start":{},"end":{}}],"line":82},"4":{"loc":{"start":{"line":90,"column":8},"end":{"line":104,"column":9}},"type":"if","locations":[{"start":{"line":90,"column":8},"end":{"line":104,"column":9}},{"start":{"line":92,"column":15},"end":{"line":104,"column":9}}],"line":90}},"s":{"0":1,"1":1,"2":1,"3":1,"4":1,"5":1,"6":6,"7":6,"8":6,"9":0,"10":6,"11":0,"12":0,"13":2,"14":1,"15":1,"16":1,"17":1,"18":1,"19":1,"20":0,"21":0,"22":1,"23":3,"24":3,"25":3,"26":1,"27":2,"28":2,"29":1,"30":1,"31":1,"32":0,"33":0},"f":{"0":6,"1":2,"2":3},"b":{"0":[0,6],"1":[1,1],"2":[2,1],"3":[1,2],"4":[1,1]},"_coverageSchema":"1a1c01bbd47fc00a2c39e90264f33305004495a9","hash":"31813efd884d915362c683ecb8d3151ba443e5fa"}
,"C:\\Users\\luiss\\OneDrive\\Documents\\foundation-project\\src\\services\\ticketService.js": {"path":"C:\\Users\\luiss\\OneDrive\\Documents\\foundation-project\\src\\services\\ticketService.js","statementMap":{"0":{"start":{"line":1,"column":18},"end":{"line":1,"column":54}},"1":{"start":{"line":2,"column":23},"end":{"line":2,"column":38}},"2":{"start":{"line":3,"column":19},"end":{"line":3,"column":45}},"3":{"start":{"line":10,"column":4},"end":{"line":37,"column":5}},"4":{"start":{"line":12,"column":25},"end":{"line":12,"column":33}},"5":{"start":{"line":15,"column":23},"end":{"line":21,"column":9}},"6":{"start":{"line":24,"column":25},"end":{"line":24,"column":61}},"7":{"start":{"line":27,"column":8},"end":{"line":29,"column":9}},"8":{"start":{"line":28,"column":12},"end":{"line":28,"column":23}},"9":{"start":{"line":32,"column":8},"end":{"line":32,"column":45}},"10":{"start":{"line":35,"column":8},"end":{"line":35,"column":85}},"11":{"start":{"line":36,"column":8},"end":{"line":36,"column":64}},"12":{"start":{"line":45,"column":4},"end":{"line":58,"column":5}},"13":{"start":{"line":47,"column":31},"end":{"line":47,"column":70}},"14":{"start":{"line":50,"column":8},"end":{"line":54,"column":9}},"15":{"start":{"line":51,"column":12},"end":{"line":51,"column":24}},"16":{"start":{"line":53,"column":12},"end":{"line":53,"column":43}},"17":{"start":{"line":56,"column":8},"end":{"line":56,"column":92}},"18":{"start":{"line":57,"column":8},"end":{"line":57,"column":67}},"19":{"start":{"line":66,"column":4},"end":{"line":90,"column":5}},"20":{"start":{"line":68,"column":8},"end":{"line":68,"column":45}},"21":{"start":{"line":71,"column":8},"end":{"line":73,"column":9}},"22":{"start":{"line":72,"column":12},"end":{"line":72,"column":24}},"23":{"start":{"line":76,"column":25},"end":{"line":76,"column":67}},"24":{"start":{"line":79,"column":8},"end":{"line":81,"column":9}},"25":{"start":{"line":80,"column":12},"end":{"line":80,"column":22}},"26":{"start":{"line":84,"column":32},"end":{"line":84,"column":74}},"27":{"start":{"line":85,"column":8},"end":{"line":85,"column":37}},"28":{"start":{"line":88,"column":8},"end":{"line":88,"column":100}},"29":{"start":{"line":89,"column":8},"end":{"line":89,"column":71}},"30":{"start":{"line":98,"column":4},"end":{"line":108,"column":5}},"31":{"start":{"line":101,"column":32},"end":{"line":101,"column":82}},"32":{"start":{"line":103,"column":8},"end":{"line":103,"column":37}},"33":{"start":{"line":106,"column":8},"end":{"line":106,"column":110}},"34":{"start":{"line":107,"column":8},"end":{"line":107,"column":77}},"35":{"start":{"line":116,"column":4},"end":{"line":137,"column":5}},"36":{"start":{"line":119,"column":8},"end":{"line":121,"column":9}},"37":{"start":{"line":120,"column":12},"end":{"line":120,"column":24}},"38":{"start":{"line":124,"column":31},"end":{"line":124,"column":70}},"39":{"start":{"line":127,"column":8},"end":{"line":129,"column":9}},"40":{"start":{"line":128,"column":12},"end":{"line":128,"column":22}},"41":{"start":{"line":131,"column":25},"end":{"line":131,"column":77}},"42":{"start":{"line":132,"column":8},"end":{"line":132,"column":35}},"43":{"start":{"line":135,"column":8},"end":{"line":135,"column":96}},"44":{"start":{"line":136,"column":8},"end":{"line":136,"column":66}},"45":{"start":{"line":141,"column":0},"end":{"line":147,"column":1}}},"fnMap":{"0":{"name":"submitTicket","decl":{"start":{"line":5,"column":15},"end":{"line":5,"column":27}},"loc":{"start":{"line":5,"column":61},"end":{"line":39,"column":1}},"line":5},"1":{"name":"getTicketById","decl":{"start":{"line":41,"column":15},"end":{"line":41,"column":28}},"loc":{"start":{"line":41,"column":39},"end":{"line":59,"column":1}},"line":41},"2":{"name":"getTicketsByStatus","decl":{"start":{"line":61,"column":15},"end":{"line":61,"column":33}},"loc":{"start":{"line":61,"column":48},"end":{"line":91,"column":1}},"line":61},"3":{"name":"getTicketsByEmployeeId","decl":{"start":{"line":93,"column":15},"end":{"line":93,"column":37}},"loc":{"start":{"line":93,"column":50},"end":{"line":109,"column":1}},"line":93},"4":{"name":"updateTicketStatus","decl":{"start":{"line":111,"column":15},"end":{"line":111,"column":33}},"loc":{"start":{"line":111,"column":58},"end":{"line":139,"column":1}},"line":111}},"branchMap":{"0":{"loc":{"start":{"line":27,"column":8},"end":{"line":29,"column":9}},"type":"if","locations":[{"start":{"line":27,"column":8},"end":{"line":29,"column":9}},{"start":{},"end":{}}],"line":27},"1":{"loc":{"start":{"line":50,"column":8},"end":{"line":54,"column":9}},"type":"if","locations":[{"start":{"line":50,"column":8},"end":{"line":54,"column":9}},{"start":{"line":52,"column":15},"end":{"line":54,"column":9}}],"line":50},"2":{"loc":{"start":{"line":71,"column":8},"end":{"line":73,"column":9}},"type":"if","locations":[{"start":{"line":71,"column":8},"end":{"line":73,"column":9}},{"start":{},"end":{}}],"line":71},"3":{"loc":{"start":{"line":79,"column":8},"end":{"line":81,"column":9}},"type":"if","locations":[{"start":{"line":79,"column":8},"end":{"line":81,"column":9}},{"start":{},"end":{}}],"line":79},"4":{"loc":{"start":{"line":119,"column":8},"end":{"line":121,"column":9}},"type":"if","locations":[{"start":{"line":119,"column":8},"end":{"line":121,"column":9}},{"start":{},"end":{}}],"line":119},"5":{"loc":{"start":{"line":119,"column":12},"end":{"line":119,"column":54}},"type":"binary-expr","locations":[{"start":{"line":119,"column":12},"end":{"line":119,"column":19}},{"start":{"line":119,"column":23},"end":{"line":119,"column":32}},{"start":{"line":119,"column":36},"end":{"line":119,"column":54}}],"line":119},"6":{"loc":{"start":{"line":127,"column":8},"end":{"line":129,"column":9}},"type":"if","locations":[{"start":{"line":127,"column":8},"end":{"line":129,"column":9}},{"start":{},"end":{}}],"line":127},"7":{"loc":{"start":{"line":127,"column":12},"end":{"line":127,"column":93}},"type":"binary-expr","locations":[{"start":{"line":127,"column":12},"end":{"line":127,"column":45}},{"start":{"line":127,"column":49},"end":{"line":127,"column":93}}],"line":127}},"s":{"0":1,"1":1,"2":1,"3":2,"4":2,"5":2,"6":2,"7":2,"8":1,"9":1,"10":0,"11":0,"12":3,"13":3,"14":3,"15":2,"16":1,"17":0,"18":0,"19":3,"20":3,"21":3,"22":1,"23":2,"24":2,"25":1,"26":1,"27":1,"28":0,"29":0,"30":1,"31":1,"32":1,"33":0,"34":0,"35":3,"36":3,"37":1,"38":2,"39":2,"40":1,"41":1,"42":1,"43":0,"44":0,"45":1},"f":{"0":2,"1":3,"2":3,"3":1,"4":3},"b":{"0":[1,1],"1":[2,1],"2":[1,2],"3":[1,1],"4":[1,2],"5":[3,3,3],"6":[1,1],"7":[2,2]},"_coverageSchema":"1a1c01bbd47fc00a2c39e90264f33305004495a9","hash":"672c255f5b1084bfe34290ad9cec23c46c4a18c6"}
,"C:\\Users\\luiss\\OneDrive\\Documents\\foundation-project\\src\\utils\\logger.js": {"path":"C:\\Users\\luiss\\OneDrive\\Documents\\foundation-project\\src\\utils\\logger.js","statementMap":{"0":{"start":{"line":1,"column":45},"end":{"line":1,"column":63}},"1":{"start":{"line":3,"column":21},"end":{"line":9,"column":1}},"2":{"start":{"line":6,"column":8},"end":{"line":7,"column":63}},"3":{"start":{"line":11,"column":15},"end":{"line":18,"column":2}},"4":{"start":{"line":21,"column":0},"end":{"line":21,"column":28}}},"fnMap":{"0":{"name":"(anonymous_0)","decl":{"start":{"line":5,"column":18},"end":{"line":5,"column":19}},"loc":{"start":{"line":5,"column":60},"end":{"line":8,"column":5}},"line":5}},"branchMap":{"0":{"loc":{"start":{"line":6,"column":15},"end":{"line":7,"column":62}},"type":"cond-expr","locations":[{"start":{"line":6,"column":23},"end":{"line":6,"column":83}},{"start":{"line":7,"column":12},"end":{"line":7,"column":62}}],"line":6}},"s":{"0":4,"1":4,"2":0,"3":4,"4":4},"f":{"0":0},"b":{"0":[0,0]},"_coverageSchema":"1a1c01bbd47fc00a2c39e90264f33305004495a9","hash":"7d2bb8396e2d95c417c09c7bb5bc7b5a3c8dee43"}
}
