TN:
SF:src\db\dynamoClient.js
FNF:0
FNH:0
DA:8,2
DA:9,2
DA:11,2
DA:13,2
DA:15,2
LF:5
LH:5
BRF:0
BRH:0
end_of_record
TN:
SF:src\repositories\employeeDAO.js
FN:10,getEmployeeByUsername
FN:37,createEmployee
FNF:2
FNH:0
FNDA:0,getEmployeeByUsername
FNDA:0,createEmployee
DA:1,1
DA:2,1
DA:3,1
DA:6,1
DA:8,1
DA:15,0
DA:17,0
DA:30,0
DA:32,0
DA:33,0
DA:42,0
DA:44,0
DA:55,0
DA:57,0
DA:58,0
DA:62,1
LF:16
LH:6
BRF:0
BRH:0
end_of_record
TN:
SF:src\repositories\ticketDAO.js
FN:7,submitTicket
FN:34,getTicketById
FN:56,getTicketsByStatus
FN:85,getTicketsByEmployeeId
FN:108,updateTicketStatus
FNF:5
FNH:0
FNDA:0,submitTicket
FNDA:0,getTicketById
FNDA:0,getTicketsByStatus
FNDA:0,getTicketsByEmployeeId
FNDA:0,updateTicketStatus
DA:1,1
DA:2,1
DA:3,1
DA:4,1
DA:5,1
DA:12,0
DA:14,0
DA:26,0
DA:29,0
DA:30,0
DA:38,0
DA:41,0
DA:49,0
DA:51,0
DA:52,0
DA:61,0
DA:64,0
DA:77,0
DA:80,0
DA:81,0
DA:90,0
DA:92,0
DA:101,0
DA:103,0
DA:104,0
DA:112,0
DA:115,0
DA:129,0
DA:132,0
DA:133,0
DA:137,1
LF:31
LH:6
BRF:0
BRH:0
end_of_record
TN:
SF:src\services\authenticationService.js
FN:9,getEmployeeByUsername
FN:31,createEmployee
FN:72,login
FNF:3
FNH:3
FNDA:6,getEmployeeByUsername
FNDA:2,createEmployee
FNDA:3,login
DA:1,1
DA:2,1
DA:3,1
DA:4,1
DA:5,1
DA:7,1
DA:14,6
DA:16,6
DA:19,6
DA:20,0
DA:22,6
DA:26,0
DA:27,0
DA:37,2
DA:38,1
DA:42,1
DA:44,1
DA:46,1
DA:54,1
DA:57,1
DA:60,0
DA:61,0
DA:66,1
DA:77,3
DA:79,3
DA:82,3
DA:83,1
DA:87,2
DA:90,2
DA:91,1
DA:94,1
DA:103,1
DA:108,0
DA:109,0
LF:34
LH:27
BRDA:19,0,0,0
BRDA:19,0,1,6
BRDA:37,1,0,1
BRDA:37,1,1,1
BRDA:37,2,0,2
BRDA:37,2,1,1
BRDA:82,3,0,1
BRDA:82,3,1,2
BRDA:90,4,0,1
BRDA:90,4,1,1
BRF:10
BRH:9
end_of_record
TN:
SF:src\services\ticketService.js
FN:5,submitTicket
FN:41,getTicketById
FN:61,getTicketsByStatus
FN:93,getTicketsByEmployeeId
FN:111,updateTicketStatus
FNF:5
FNH:5
FNDA:2,submitTicket
FNDA:3,getTicketById
FNDA:3,getTicketsByStatus
FNDA:1,getTicketsByEmployeeId
FNDA:3,updateTicketStatus
DA:1,1
DA:2,1
DA:3,1
DA:10,2
DA:12,2
DA:15,2
DA:24,2
DA:27,2
DA:28,1
DA:32,1
DA:35,0
DA:36,0
DA:45,3
DA:47,3
DA:50,3
DA:51,2
DA:53,1
DA:56,0
DA:57,0
DA:66,3
DA:68,3
DA:71,3
DA:72,1
DA:76,2
DA:79,2
DA:80,1
DA:84,1
DA:85,1
DA:88,0
DA:89,0
DA:98,1
DA:101,1
DA:103,1
DA:106,0
DA:107,0
DA:116,3
DA:119,3
DA:120,1
DA:124,2
DA:127,2
DA:128,1
DA:131,1
DA:132,1
DA:135,0
DA:136,0
DA:141,1
LF:46
LH:36
BRDA:27,0,0,1
BRDA:27,0,1,1
BRDA:50,1,0,2
BRDA:50,1,1,1
BRDA:71,2,0,1
BRDA:71,2,1,2
BRDA:79,3,0,1
BRDA:79,3,1,1
BRDA:119,4,0,1
BRDA:119,4,1,2
BRDA:119,5,0,3
BRDA:119,5,1,3
BRDA:119,5,2,3
BRDA:127,6,0,1
BRDA:127,6,1,1
BRDA:127,7,0,2
BRDA:127,7,1,2
BRF:17
BRH:17
end_of_record
TN:
SF:src\utils\logger.js
FN:5,(anonymous_0)
FNF:1
FNH:0
FNDA:0,(anonymous_0)
DA:1,4
DA:3,4
DA:6,0
DA:11,4
DA:21,4
LF:5
LH:4
BRDA:6,0,0,0
BRDA:6,0,1,0
BRF:2
BRH:0
end_of_record
